This is pdfTeX, Version 3.14159265-2.6-1.40.20 (TeX Live 2019/Debian) (preloaded format=pdflatex 2022.4.26)  27 APR 2022 23:34
entering extended mode
 restricted \write18 enabled.
 file:line:error style messages enabled.
 %&-line parsing enabled.
**/home/ethan/Documents/Thesis/thesis.tex
(/home/ethan/Documents/Thesis/thesis.tex
LaTeX2e <2020-02-02> patch level 2
L3 programming layer <2020-02-14> (/home/ethan/Documents/Thesis/thesis.cls
Document Class: thesis 2009/04/16 v1.0 LaTeX document class for theses
(/usr/share/texlive/texmf-dist/tex/latex/base/book.cls
Document Class: book 2019/12/20 v1.4l Standard LaTeX document class
(/usr/share/texlive/texmf-dist/tex/latex/base/bk12.clo
File: bk12.clo 2019/12/20 v1.4l Standard LaTeX file (size option)
)
\c@part=\count167
\c@chapter=\count168
\c@section=\count169
\c@subsection=\count170
\c@subsubsection=\count171
\c@paragraph=\count172
\c@subparagraph=\count173
\c@figure=\count174
\c@table=\count175
\abovecaptionskip=\skip47
\belowcaptionskip=\skip48
\bibindent=\dimen134
) (/usr/share/texlive/texmf-dist/tex/latex/base/makeidx.sty
Package: makeidx 2014/09/29 v1.0m Standard LaTeX package
) (/usr/share/texlive/texmf-dist/tex/latex/amsmath/amsmath.sty
Package: amsmath 2020/01/20 v2.17e AMS math features
\@mathmargin=\skip49

For additional information on amsmath, use the `?' option.
(/usr/share/texlive/texmf-dist/tex/latex/amsmath/amstext.sty
Package: amstext 2000/06/29 v2.01 AMS text
 (/usr/share/texlive/texmf-dist/tex/latex/amsmath/amsgen.sty
File: amsgen.sty 1999/11/30 v2.0 generic functions
\@emptytoks=\toks14
\ex@=\dimen135
)) (/usr/share/texlive/texmf-dist/tex/latex/amsmath/amsbsy.sty
Package: amsbsy 1999/11/29 v1.2d Bold Symbols
\pmbraise@=\dimen136
) (/usr/share/texlive/texmf-dist/tex/latex/amsmath/amsopn.sty
Package: amsopn 2016/03/08 v2.02 operator names
)
\inf@bad=\count176
LaTeX Info: Redefining \frac on input line 227.
\uproot@=\count177
\leftroot@=\count178
LaTeX Info: Redefining \overline on input line 389.
\classnum@=\count179
\DOTSCASE@=\count180
LaTeX Info: Redefining \ldots on input line 486.
LaTeX Info: Redefining \dots on input line 489.
LaTeX Info: Redefining \cdots on input line 610.
\Mathstrutbox@=\box45
\strutbox@=\box46
\big@size=\dimen137
LaTeX Font Info:    Redeclaring font encoding OML on input line 733.
LaTeX Font Info:    Redeclaring font encoding OMS on input line 734.
\macc@depth=\count181
\c@MaxMatrixCols=\count182
\dotsspace@=\muskip16
\c@parentequation=\count183
\dspbrk@lvl=\count184
\tag@help=\toks15
\row@=\count185
\column@=\count186
\maxfields@=\count187
\andhelp@=\toks16
\eqnshift@=\dimen138
\alignsep@=\dimen139
\tagshift@=\dimen140
\tagwidth@=\dimen141
\totwidth@=\dimen142
\lineht@=\dimen143
\@envbody=\toks17
\multlinegap=\skip50
\multlinetaggap=\skip51
\mathdisplay@stack=\toks18
LaTeX Info: Redefining \[ on input line 2859.
LaTeX Info: Redefining \] on input line 2860.
) (/usr/share/texlive/texmf-dist/tex/latex/amsfonts/amsfonts.sty
Package: amsfonts 2013/01/14 v3.01 Basic AMSFonts support
\symAMSa=\mathgroup4
\symAMSb=\mathgroup5
LaTeX Font Info:    Redeclaring math symbol \hbar on input line 98.
LaTeX Font Info:    Overwriting math alphabet `\mathfrak' in version `bold'
(Font)                  U/euf/m/n --> U/euf/b/n on input line 106.
) (/usr/share/texlive/texmf-dist/tex/latex/amsfonts/amssymb.sty
Package: amssymb 2013/01/14 v3.01 AMS font symbols
) (/usr/share/texlive/texmf-dist/tex/latex/amscls/amsthm.sty
Package: amsthm 2017/10/31 v2.20.4
\thm@style=\toks19
\thm@bodyfont=\toks20
\thm@headfont=\toks21
\thm@notefont=\toks22
\thm@headpunct=\toks23
\thm@preskip=\skip52
\thm@postskip=\skip53
\thm@headsep=\skip54
\dth@everypar=\toks24
) (/usr/share/texlive/texmf-dist/tex/latex/setspace/setspace.sty
Package: setspace 2011/12/19 v6.7a set line spacing
) (/usr/share/texlive/texmf-dist/tex/latex/tocbibind/tocbibind.sty
Package: tocbibind 2010/10/13 v1.5k extra ToC listings
Package tocbibind Info: The document has chapter divisions on input line 50.


Package tocbibind Note: Using chapter style headings, unless overridden.

)) (/usr/share/texlive/texmf-dist/tex/latex/overpic/overpic.sty
Package: overpic 2018/09/02 1.2 picture overlays (RN)
 (/usr/share/texlive/texmf-dist/tex/latex/graphics/graphicx.sty
Package: graphicx 2019/11/30 v1.2a Enhanced LaTeX Graphics (DPC,SPQR)
 (/usr/share/texlive/texmf-dist/tex/latex/graphics/keyval.sty
Package: keyval 2014/10/28 v1.15 key=value parser (DPC)
\KV@toks@=\toks25
) (/usr/share/texlive/texmf-dist/tex/latex/graphics/graphics.sty
Package: graphics 2019/11/30 v1.4a Standard LaTeX Graphics (DPC,SPQR)
 (/usr/share/texlive/texmf-dist/tex/latex/graphics/trig.sty
Package: trig 2016/01/03 v1.10 sin cos tan (DPC)
) (/usr/share/texlive/texmf-dist/tex/latex/graphics-cfg/graphics.cfg
File: graphics.cfg 2016/06/04 v1.11 sample graphics configuration
)
Package graphics Info: Driver file: pdftex.def on input line 105.
 (/usr/share/texlive/texmf-dist/tex/latex/graphics-def/pdftex.def
File: pdftex.def 2018/01/08 v1.0l Graphics/color driver for pdftex
))
\Gin@req@height=\dimen144
\Gin@req@width=\dimen145
) (/usr/share/texlive/texmf-dist/tex/latex/eepic/epic.sty
Enhancements to Picture Environment. Version 1.2 - Released June 1, 1986
\@@multicnt=\count188
\d@lta=\count189
\@delta=\dimen146
\@@delta=\dimen147
\@gridcnt=\count190
\@joinkind=\count191
\@dotgap=\dimen148
\@ddotgap=\dimen149
\@x@diff=\count192
\@y@diff=\count193
\x@diff=\dimen150
\y@diff=\dimen151
\@dotbox=\box47
\num@segments=\count194
\num@segmentsi=\count195
\@datafile=\read2
)
\OVP@box=\box48
) (/usr/share/texlive/texmf-dist/tex/latex/amsmath/amscd.sty
Package: amscd 2017/04/14 v2.1 AMS Commutative Diagrams
\athelp@=\toks26
\minaw@=\dimen152
\bigaw@=\dimen153
\minCDarrowwidth=\dimen154
) (/usr/share/texlive/texmf-dist/tex/latex/jknapltx/mathrsfs.sty
Package: mathrsfs 1996/01/01 Math RSFS package v1.0 (jk)
\symrsfs=\mathgroup6
) (/usr/share/texlive/texmf-dist/tex/latex/float/float.sty
Package: float 2001/11/08 v1.3d Float enhancements (AL)
\c@float@type=\count196
\float@exts=\toks27
\float@box=\box49
\@float@everytoks=\toks28
\@floatcapt=\box50
) (/usr/share/texlive/texmf-dist/tex/latex/bbm-macros/bbm.sty
Package: bbm 1999/03/15 V 1.2 provides fonts for set symbols - TH
LaTeX Font Info:    Overwriting math alphabet `\mathbbm' in version `bold'
(Font)                  U/bbm/m/n --> U/bbm/bx/n on input line 33.
LaTeX Font Info:    Overwriting math alphabet `\mathbbmss' in version `bold'
(Font)                  U/bbmss/m/n --> U/bbmss/bx/n on input line 35.
) (/usr/share/texlive/texmf-dist/tex/latex/caption/caption.sty
Package: caption 2020/01/03 v3.4h Customizing captions (AR)
 (/usr/share/texlive/texmf-dist/tex/latex/caption/caption3.sty
Package: caption3 2020/01/03 v1.8h caption3 kernel (AR)
Package caption3 Info: TeX engine: e-TeX on input line 61.
\captionmargin=\dimen155
\captionmargin@=\dimen156
\captionwidth=\dimen157
\caption@tempdima=\dimen158
\caption@indent=\dimen159
\caption@parindent=\dimen160
\caption@hangindent=\dimen161
Package caption Info: Standard document class detected.
)
\c@caption@flags=\count197
\c@continuedfloat=\count198
Package caption Info: float package is loaded.
) (/usr/share/texlive/texmf-dist/tex/latex/caption/subcaption.sty
Package: subcaption 2020/01/22 v1.3d Sub-captions (AR)
\c@subfigure=\count199
\c@subtable=\count266
) (/usr/share/texlive/texmf-dist/tex/latex/hyperref/hyperref.sty
Package: hyperref 2020/01/14 v7.00d Hypertext links for LaTeX
 (/usr/share/texlive/texmf-dist/tex/generic/ltxcmds/ltxcmds.sty
Package: ltxcmds 2019/12/15 v1.24 LaTeX kernel commands for general use (HO)
) (/usr/share/texlive/texmf-dist/tex/generic/iftex/iftex.sty
Package: iftex 2019/11/07 v1.0c TeX engine tests
) (/usr/share/texlive/texmf-dist/tex/latex/pdftexcmds/pdftexcmds.sty
Package: pdftexcmds 2019/11/24 v0.31 Utility functions of pdfTeX for LuaTeX (HO)
 (/usr/share/texlive/texmf-dist/tex/generic/infwarerr/infwarerr.sty
Package: infwarerr 2019/12/03 v1.5 Providing info/warning/error messages (HO)
)
Package pdftexcmds Info: \pdf@primitive is available.
Package pdftexcmds Info: \pdf@ifprimitive is available.
Package pdftexcmds Info: \pdfdraftmode found.
) (/usr/share/texlive/texmf-dist/tex/generic/kvsetkeys/kvsetkeys.sty
Package: kvsetkeys 2019/12/15 v1.18 Key value parser (HO)
) (/usr/share/texlive/texmf-dist/tex/generic/kvdefinekeys/kvdefinekeys.sty
Package: kvdefinekeys 2019-12-19 v1.6 Define keys (HO)
) (/usr/share/texlive/texmf-dist/tex/generic/pdfescape/pdfescape.sty
Package: pdfescape 2019/12/09 v1.15 Implements pdfTeX's escape features (HO)
) (/usr/share/texlive/texmf-dist/tex/latex/hycolor/hycolor.sty
Package: hycolor 2020-01-27 v1.10 Color options for hyperref/bookmark (HO)
) (/usr/share/texlive/texmf-dist/tex/latex/letltxmacro/letltxmacro.sty
Package: letltxmacro 2019/12/03 v1.6 Let assignment for LaTeX macros (HO)
) (/usr/share/texlive/texmf-dist/tex/latex/auxhook/auxhook.sty
Package: auxhook 2019-12-17 v1.6 Hooks for auxiliary files (HO)
) (/usr/share/texlive/texmf-dist/tex/latex/kvoptions/kvoptions.sty
Package: kvoptions 2019/11/29 v3.13 Key value format for package options (HO)
)
\@linkdim=\dimen162
\Hy@linkcounter=\count267
\Hy@pagecounter=\count268
 (/usr/share/texlive/texmf-dist/tex/latex/hyperref/pd1enc.def
File: pd1enc.def 2020/01/14 v7.00d Hyperref: PDFDocEncoding definition (HO)
Now handling font encoding PD1 ...
... no UTF-8 mapping file for font encoding PD1
) (/usr/share/texlive/texmf-dist/tex/generic/intcalc/intcalc.sty
Package: intcalc 2019/12/15 v1.3 Expandable calculations with integers (HO)
) (/usr/share/texlive/texmf-dist/tex/generic/etexcmds/etexcmds.sty
Package: etexcmds 2019/12/15 v1.7 Avoid name clashes with e-TeX commands (HO)
)
\Hy@SavedSpaceFactor=\count269
\pdfmajorversion=\count270
Package hyperref Info: Option `bookmarks' set `true' on input line 4421.
Package hyperref Info: Option `bookmarksnumbered' set `true' on input line 4421.
Package hyperref Info: Option `pdfdisplaydoctitle' set `true' on input line 4421.
Package hyperref Info: Hyper figures OFF on input line 4547.
Package hyperref Info: Link nesting OFF on input line 4552.
Package hyperref Info: Hyper index ON on input line 4555.
Package hyperref Info: Plain pages OFF on input line 4562.
Package hyperref Info: Backreferencing OFF on input line 4567.
Package hyperref Info: Implicit mode ON; LaTeX internals redefined.
Package hyperref Info: Bookmarks ON on input line 4800.
\c@Hy@tempcnt=\count271
 (/usr/share/texlive/texmf-dist/tex/latex/url/url.sty
\Urlmuskip=\muskip17
Package: url 2013/09/16  ver 3.4  Verb mode for urls, etc.
)
LaTeX Info: Redefining \url on input line 5159.
\XeTeXLinkMargin=\dimen163
 (/usr/share/texlive/texmf-dist/tex/generic/bitset/bitset.sty
Package: bitset 2019/12/09 v1.3 Handle bit-vector datatype (HO)
 (/usr/share/texlive/texmf-dist/tex/generic/bigintcalc/bigintcalc.sty
Package: bigintcalc 2019/12/15 v1.5 Expandable calculations on big integers (HO)
))
\Fld@menulength=\count272
\Field@Width=\dimen164
\Fld@charsize=\dimen165
Package hyperref Info: Hyper figures OFF on input line 6430.
Package hyperref Info: Link nesting OFF on input line 6435.
Package hyperref Info: Hyper index ON on input line 6438.
Package hyperref Info: backreferencing OFF on input line 6445.
Package hyperref Info: Link coloring OFF on input line 6450.
Package hyperref Info: Link coloring with OCG OFF on input line 6455.
Package hyperref Info: PDF/A mode OFF on input line 6460.
LaTeX Info: Redefining \ref on input line 6500.
LaTeX Info: Redefining \pageref on input line 6504.
 (/usr/share/texlive/texmf-dist/tex/generic/atbegshi/atbegshi.sty
Package: atbegshi 2019/12/05 v1.19 At begin shipout hook (HO)
)
\Hy@abspage=\count273
\c@Item=\count274
\c@Hfootnote=\count275
)
Package hyperref Info: Driver (autodetected): hpdftex.
 (/usr/share/texlive/texmf-dist/tex/latex/hyperref/hpdftex.def
File: hpdftex.def 2020/01/14 v7.00d Hyperref driver for pdfTeX
 (/usr/share/texlive/texmf-dist/tex/latex/atveryend/atveryend.sty
Package: atveryend 2019-12-11 v1.11 Hooks at the very end of document (HO)
Package atveryend Info: \enddocument detected (standard20110627).
)
\Fld@listcount=\count276
\c@bookmark@seq@number=\count277
 (/usr/share/texlive/texmf-dist/tex/latex/rerunfilecheck/rerunfilecheck.sty
Package: rerunfilecheck 2019/12/05 v1.9 Rerun checks for auxiliary files (HO)
 (/usr/share/texlive/texmf-dist/tex/generic/uniquecounter/uniquecounter.sty
Package: uniquecounter 2019/12/15 v1.4 Provide unlimited unique counter (HO)
)
Package uniquecounter Info: New unique counter `rerunfilecheck' on input line 286.
)
\Hy@SectionHShift=\skip55
) (/home/ethan/Documents/Thesis/thsiscfg.tex
\c@theorem=\count278
) (/usr/share/texlive/texmf-dist/tex/latex/l3backend/l3backend-pdfmode.def
File: l3backend-pdfmode.def 2020-02-03 L3 backend support: PDF mode
\l__kernel_color_stack_int=\count279
\l__pdf_internal_box=\box51
) (/home/ethan/Documents/Thesis/thesis.aux)
\openout1 = `thesis.aux'.

LaTeX Font Info:    Checking defaults for OML/cmm/m/it on input line 49.
LaTeX Font Info:    ... okay on input line 49.
LaTeX Font Info:    Checking defaults for OMS/cmsy/m/n on input line 49.
LaTeX Font Info:    ... okay on input line 49.
LaTeX Font Info:    Checking defaults for OT1/cmr/m/n on input line 49.
LaTeX Font Info:    ... okay on input line 49.
LaTeX Font Info:    Checking defaults for T1/cmr/m/n on input line 49.
LaTeX Font Info:    ... okay on input line 49.
LaTeX Font Info:    Checking defaults for TS1/cmr/m/n on input line 49.
LaTeX Font Info:    ... okay on input line 49.
LaTeX Font Info:    Checking defaults for OMX/cmex/m/n on input line 49.
LaTeX Font Info:    ... okay on input line 49.
LaTeX Font Info:    Checking defaults for U/cmr/m/n on input line 49.
LaTeX Font Info:    ... okay on input line 49.
LaTeX Font Info:    Checking defaults for PD1/pdf/m/n on input line 49.
LaTeX Font Info:    ... okay on input line 49.
 (/usr/share/texlive/texmf-dist/tex/context/base/mkii/supp-pdf.mkii
[Loading MPS to PDF converter (version 2006.09.02).]
\scratchcounter=\count280
\scratchdimen=\dimen166
\scratchbox=\box52
\nofMPsegments=\count281
\nofMParguments=\count282
\everyMPshowfont=\toks29
\MPscratchCnt=\count283
\MPscratchDim=\dimen167
\MPnumerator=\count284
\makeMPintoPDFobject=\count285
\everyMPtoPDFconversion=\toks30
) (/usr/share/texlive/texmf-dist/tex/latex/epstopdf-pkg/epstopdf-base.sty
Package: epstopdf-base 2020-01-24 v2.11 Base part for package epstopdf
Package epstopdf-base Info: Redefining graphics rule for `.eps' on input line 485.
 (/usr/share/texlive/texmf-dist/tex/latex/latexconfig/epstopdf-sys.cfg
File: epstopdf-sys.cfg 2010/07/13 v1.3 Configuration of (r)epstopdf for TeX Live
))
Package caption Info: Begin \AtBeginDocument code.
Package caption Info: hyperref package is loaded.
Package caption Info: End \AtBeginDocument code.
\AtBeginShipoutBox=\box53
Package hyperref Info: Link coloring OFF on input line 49.
 (/usr/share/texlive/texmf-dist/tex/latex/hyperref/nameref.sty
Package: nameref 2019/09/16 v2.46 Cross-referencing by name of section
 (/usr/share/texlive/texmf-dist/tex/latex/refcount/refcount.sty
Package: refcount 2019/12/15 v3.6 Data extraction from label references (HO)
) (/usr/share/texlive/texmf-dist/tex/generic/gettitlestring/gettitlestring.sty
Package: gettitlestring 2019/12/15 v1.6 Cleanup title references (HO)
)
\c@section@level=\count286
)
LaTeX Info: Redefining \ref on input line 49.
LaTeX Info: Redefining \pageref on input line 49.
LaTeX Info: Redefining \nameref on input line 49.
 (/home/ethan/Documents/Thesis/thesis.out) (/home/ethan/Documents/Thesis/thesis.out)
\@outlinefile=\write3
\openout3 = `thesis.out'.

 [1



{/var/lib/texmf/fonts/map/pdftex/updmap/pdftex.map}] [2


] [3


] (/home/ethan/Documents/Thesis/thesis.toc
LaTeX Font Info:    Trying to load font information for U+msa on input line 5.
 (/usr/share/texlive/texmf-dist/tex/latex/amsfonts/umsa.fd
File: umsa.fd 2013/01/14 v3.01 AMS symbols A
)
LaTeX Font Info:    Trying to load font information for U+msb on input line 5.
 (/usr/share/texlive/texmf-dist/tex/latex/amsfonts/umsb.fd
File: umsb.fd 2013/01/14 v3.01 AMS symbols B
)
LaTeX Font Info:    Trying to load font information for U+rsfs on input line 5.
 (/usr/share/texlive/texmf-dist/tex/latex/jknapltx/ursfs.fd
File: ursfs.fd 1998/03/24 rsfs font definition file (jk)
))
\tf@toc=\write4
\openout4 = `thesis.toc'.

 [4


] (/home/ethan/Documents/Thesis/thesis.lof [5


])
\tf@lof=\write5
\openout5 = `thesis.lof'.

 [6] [7]
Chapter 1.
[1


] [2]
Chapter 2.
[3] [4]
<images/TrafficSpecialization1.pdf, id=300, 1419.29318pt x 711.65875pt>
File: images/TrafficSpecialization1.pdf Graphic file (type pdf)
<use images/TrafficSpecialization1.pdf>
Package pdftex.def Info: images/TrafficSpecialization1.pdf  used on input line 222.
(pdftex.def)             Requested size: 425.79124pt x 213.49927pt.
 [5 </home/ethan/Documents/Thesis/images/TrafficSpecialization1.pdf>] [6]
<images/SynchSpecFig1.pdf, id=340, 1234.38962pt x 393.30437pt>
File: images/SynchSpecFig1.pdf Graphic file (type pdf)
<use images/SynchSpecFig1.pdf>
Package pdftex.def Info: images/SynchSpecFig1.pdf  used on input line 292.
(pdftex.def)             Requested size: 382.65683pt x 121.92308pt.
 [7] [8 </home/ethan/Documents/Thesis/images/SynchSpecFig1.pdf>]
<images/synchspecexample.pdf, id=366, 1972.63635pt x 512.91624pt>
File: images/synchspecexample.pdf Graphic file (type pdf)
<use images/synchspecexample.pdf>
Package pdftex.def Info: images/synchspecexample.pdf  used on input line 332.
(pdftex.def)             Requested size: 414.26587pt x 107.71559pt.
 [9 </home/ethan/Documents/Thesis/images/synchspecexample.pdf>] [10]
<images/Specialization10.pdf, id=393, 1073.92049pt x 607.26875pt>
File: images/Specialization10.pdf Graphic file (type pdf)
<use images/Specialization10.pdf>
Package pdftex.def Info: images/Specialization10.pdf  used on input line 391.
(pdftex.def)             Requested size: 268.47946pt x 151.81682pt.
<images/ex:sync1.pdf, id=394, 433.62pt x 289.08pt>
File: images/ex:sync1.pdf Graphic file (type pdf)
<use images/ex:sync1.pdf>
Package pdftex.def Info: images/ex:sync1.pdf  used on input line 413.
(pdftex.def)             Requested size: 173.44492pt x 115.62994pt.
<images/ex:sync2.pdf, id=395, 433.62pt x 289.08pt>
File: images/ex:sync2.pdf Graphic file (type pdf)
<use images/ex:sync2.pdf>
Package pdftex.def Info: images/ex:sync2.pdf  used on input line 417.
(pdftex.def)             Requested size: 173.44492pt x 115.62994pt.
 [11 </home/ethan/Documents/Thesis/images/Specialization10.pdf> </home/ethan/Documents/Thesis/images/ex:sync1.pdf

pdfTeX warning: pdflatex (file /home/ethan/Documents/Thesis/images/ex:sync1.pdf): PDF inclusion: multiple pdfs with page group included in a single page
> </home/ethan/Documents/Thesis/images/ex:sync2.pdf

pdfTeX warning: pdflatex (file /home/ethan/Documents/Thesis/images/ex:sync2.pdf): PDF inclusion: multiple pdfs with page group included in a single page
>]
Chapter 3.
[12] [13]

pdfTeX warning: pdflatex (file /home/ethan/Documents/Thesis/images/SynchSpecFig2.pdf): PDF inclusion: found PDF version <1.6>, but at most version <1.5> allowed
<images/SynchSpecFig2.pdf, id=508, 1254.73909pt x 430.1159pt>
File: images/SynchSpecFig2.pdf Graphic file (type pdf)
<use images/SynchSpecFig2.pdf>
Package pdftex.def Info: images/SynchSpecFig2.pdf  used on input line 527.
(pdftex.def)             Requested size: 414.06517pt x 141.93867pt.
[14 </home/ethan/Documents/Thesis/images/SynchSpecFig2.pdf>] [15] [16] [17] [18]
<images/SynchFigEP.pdf, id=558, 1150.96895pt x 299.93657pt>
File: images/SynchFigEP.pdf Graphic file (type pdf)
<use images/SynchFigEP.pdf>
Package pdftex.def Info: images/SynchFigEP.pdf  used on input line 711.
(pdftex.def)             Requested size: 414.34851pt x 107.97707pt.
 [19 </home/ethan/Documents/Thesis/images/SynchFigEP.pdf>]
Chapter 4.
[20] [21] [22] [23]
Overfull \hbox (10.00638pt too wide) detected at line 890
[]
 []

[24]
<images/ChaoticSpecialization.pdf, id=627, 594.45801pt x 194.7275pt>
File: images/ChaoticSpecialization.pdf Graphic file (type pdf)
<use images/ChaoticSpecialization.pdf>
Package pdftex.def Info: images/ChaoticSpecialization.pdf  used on input line 918.
(pdftex.def)             Requested size: 291.28696pt x 95.4173pt.
<images/chaotic_driver.pdf, id=628, 433.62pt x 289.08pt>
File: images/chaotic_driver.pdf Graphic file (type pdf)
<use images/chaotic_driver.pdf>
Package pdftex.def Info: images/chaotic_driver.pdf  used on input line 940.
(pdftex.def)             Requested size: 197.29741pt x 131.5316pt.
<images/chaotic_example3.pdf, id=629, 433.62pt x 289.08pt>
File: images/chaotic_example3.pdf Graphic file (type pdf)
<use images/chaotic_example3.pdf>
Package pdftex.def Info: images/chaotic_example3.pdf  used on input line 944.
(pdftex.def)             Requested size: 199.46762pt x 132.97841pt.
<images/chaotic_example2.pdf, id=630, 433.62pt x 289.08pt>
File: images/chaotic_example2.pdf Graphic file (type pdf)
<use images/chaotic_example2.pdf>
Package pdftex.def Info: images/chaotic_example2.pdf  used on input line 948.
(pdftex.def)             Requested size: 199.46762pt x 132.97841pt.
 [25] [26 </home/ethan/Documents/Thesis/images/ChaoticSpecialization.pdf> </home/ethan/Documents/Thesis/images/chaotic_driver.pdf> </home/ethan/Documents/Thesis/images/chaotic_example3.pdf> </home/ethan/Documents/Thesis/images/chaotic_example2.pdf>]
Chapter 5.
[27] [28]
<images/jackson_graph_1.pdf, id=774, 260.975pt x 132.495pt>
File: images/jackson_graph_1.pdf Graphic file (type pdf)
<use images/jackson_graph_1.pdf>
Package pdftex.def Info: images/jackson_graph_1.pdf  used on input line 1060.
(pdftex.def)             Requested size: 211.3883pt x 107.32236pt.
<images/jackson_graph_2.pdf, id=775, 260.975pt x 219.82124pt>
File: images/jackson_graph_2.pdf Graphic file (type pdf)
<use images/jackson_graph_2.pdf>
Package pdftex.def Info: images/jackson_graph_2.pdf  used on input line 1067.
(pdftex.def)             Requested size: 211.3883pt x 178.05757pt.
<images/jackson_network_1.pdf, id=776, 433.62pt x 289.08pt>
File: images/jackson_network_1.pdf Graphic file (type pdf)
<use images/jackson_network_1.pdf>
Package pdftex.def Info: images/jackson_network_1.pdf  used on input line 1080.
(pdftex.def)             Requested size: 211.3883pt x 140.92703pt.
<images/jackson_network_2.pdf, id=777, 433.62pt x 289.08pt>
File: images/jackson_network_2.pdf Graphic file (type pdf)
<use images/jackson_network_2.pdf>
Package pdftex.def Info: images/jackson_network_2.pdf  used on input line 1087.
(pdftex.def)             Requested size: 211.3883pt x 140.92703pt.
 [29 </home/ethan/Documents/Thesis/images/jackson_graph_1.pdf> </home/ethan/Documents/Thesis/images/jackson_graph_2.pdf

pdfTeX warning: pdflatex (file /home/ethan/Documents/Thesis/images/jackson_graph_2.pdf): PDF inclusion: multiple pdfs with page group included in a single page
> </home/ethan/Documents/Thesis/images/jackson_network_1.pdf> </home/ethan/Documents/Thesis/images/jackson_network_2.pdf>]
<images/jackson_network_2_fixed.pdf, id=871, 433.62pt x 289.08pt>
File: images/jackson_network_2_fixed.pdf Graphic file (type pdf)
<use images/jackson_network_2_fixed.pdf>
Package pdftex.def Info: images/jackson_network_2_fixed.pdf  used on input line 1119.
(pdftex.def)             Requested size: 352.31624pt x 234.89014pt.
 [30 </home/ethan/Documents/Thesis/images/jackson_network_2_fixed.pdf>]
Chapter 6.
[31] [32] [33] [34]
Package atveryend Info: Empty hook `BeforeClearDocument' on input line 1225.
 [35]
Package atveryend Info: Empty hook `AfterLastShipout' on input line 1225.
 (/home/ethan/Documents/Thesis/thesis.aux)
Package atveryend Info: Executing hook `AtVeryEndDocument' on input line 1225.
Package atveryend Info: Executing hook `AtEndAfterFileList' on input line 1225.
Package rerunfilecheck Info: File `thesis.out' has not changed.
(rerunfilecheck)             Checksum: 84D1339280DCEB74683EB32B191D9B10;1365.
Package atveryend Info: Empty hook `AtVeryVeryEnd' on input line 1225.
 ) 
Here is how much of TeX's memory you used:
 8359 strings out of 481239
 127193 string characters out of 5920377
 410613 words of memory out of 5000000
 23303 multiletter control sequences out of 15000+600000
 541465 words of font info for 59 fonts, out of 8000000 for 9000
 1141 hyphenation exceptions out of 8191
 41i,15n,42p,1768b,476s stack positions out of 5000i,500n,10000p,200000b,80000s
{/usr/share/texmf/fonts/enc/dvips/cm-super/cm-super-ts1.enc}</usr/share/texlive/texmf-dist/fonts/type1/public/amsfonts/cm/cmbx12.pfb></usr/share/texlive/texmf-dist/fonts/type1/public/amsfonts/cm/cmbxti10.pfb></usr/share/texlive/texmf-dist/fonts/type1/public/amsfonts/cm/cmcsc10.pfb></usr/share/texlive/texmf-dist/fonts/type1/public/amsfonts/cm/cmex10.pfb></usr/share/texlive/texmf-dist/fonts/type1/public/amsfonts/cm/cmmi12.pfb></usr/share/texlive/texmf-dist/fonts/type1/public/amsfonts/cm/cmmi6.pfb></usr/share/texlive/texmf-dist/fonts/type1/public/amsfonts/cm/cmmi8.pfb></usr/share/texlive/texmf-dist/fonts/type1/public/amsfonts/cm/cmr10.pfb></usr/share/texlive/texmf-dist/fonts/type1/public/amsfonts/cm/cmr12.pfb></usr/share/texlive/texmf-dist/fonts/type1/public/amsfonts/cm/cmr6.pfb></usr/share/texlive/texmf-dist/fonts/type1/public/amsfonts/cm/cmr8.pfb></usr/share/texlive/texmf-dist/fonts/type1/public/amsfonts/cm/cmsy10.pfb></usr/share/texlive/texmf-dist/fonts/type1/public/amsfonts/cm/cmsy8.pfb></usr/share/texlive/texmf-dist/fonts/type1/public/amsfonts/cm/cmti12.pfb></usr/share/texlive/texmf-dist/fonts/type1/public/amsfonts/symbols/msbm10.pfb></usr/share/texmf/fonts/type1/public/cm-super/sfrm1200.pfb>
Output written on /home/ethan/Documents/Thesis/thesis.pdf (42 pages, 900172 bytes).
PDF statistics:
 1022 PDF objects out of 1200 (max. 8388607)
 689 compressed objects within 7 object streams
 135 named destinations out of 1000 (max. 500000)
 246 words of extra memory for PDF output out of 10000 (max. 10000000)

