\BOOKMARK [0][-]{user-title-page.0}{Title Page}{}% 1
\BOOKMARK [0][-]{user-abstract.0}{Abstract}{}% 2
\BOOKMARK [0][-]{user-acknowledgments.0}{Acknowledgements}{}% 3
\BOOKMARK [0][-]{chapter*.3}{Contents}{}% 4
\BOOKMARK [0][-]{chapter*.4}{List of Figures}{}% 5
\BOOKMARK [0][-]{chapter.1}{1 Introduction}{}% 6
\BOOKMARK [0][-]{chapter.2}{2 Network Specialization}{}% 7
\BOOKMARK [1][-]{section.2.1}{2.1 Graph Structure of a Network}{chapter.2}% 8
\BOOKMARK [1][-]{section.2.2}{2.2 Dynamical Networks}{chapter.2}% 9
\BOOKMARK [1][-]{section.2.3}{2.3 Graph Specialization}{chapter.2}% 10
\BOOKMARK [1][-]{section.2.4}{2.4 Dynamical Network Specialization}{chapter.2}% 11
\BOOKMARK [0][-]{chapter.3}{3 Equitable Partitions on Graphs and Specialized Graphs}{}% 12
\BOOKMARK [1][-]{section.3.1}{3.1 Equitable Partitions}{chapter.3}% 13
\BOOKMARK [1][-]{section.3.2}{3.2 Creation and Preservation of Equitable Partitons}{chapter.3}% 14
\BOOKMARK [0][-]{chapter.4}{4 Specialization and the Emergence of Cluster Synchronization}{}% 15
\BOOKMARK [1][-]{section.4.1}{4.1 Equitable Partitions on Dynamical Networks}{chapter.4}% 16
\BOOKMARK [1][-]{section.4.2}{4.2 Synchronization as a Result of Specialization}{chapter.4}% 17
\BOOKMARK [0][-]{chapter.5}{5 Further Work}{}% 18
\BOOKMARK [0][-]{chapter.6}{6 Conclusion}{}% 19
\BOOKMARK [0][-]{appendix*.15}{Bibliography}{}% 20
